
Clover Version    1.300
       MPI Version
   Task Count      1

 Clover will run from the following input:-

*clover                                                                                             
                                                                                                    
 state 1 density=0.2 energy=1.0                                                                     
 state 2 density=1.0 energy=2.5 geometry=rectangle xmin=0.0 xmax=5.0 ymin=0.0 ymax=2.0              
                                                                                                    
 x_cells=960                                                                                        
 y_cells=960                                                                                        
                                                                                                    
 xmin=0.0                                                                                           
 ymin=0.0                                                                                           
 xmax=10.0                                                                                          
 ymax=10.0                                                                                          
                                                                                                    
 initial_timestep=0.04                                                                              
 timestep_rise=1.5                                                                                  
 max_timestep=0.04                                                                                  
 end_step=87                                                                                        
 test_problem 2                                                                                     
*endclover                                                                                          

 Initialising and generating

 Reading input file

 Reading specification for state            1

            state density   0.2000E+00
             state energy   0.1000E+01

 Reading specification for state            2

            state density   0.1000E+01
             state energy   0.2500E+01
 state geometry rectangular
               state xmin   0.0000E+00
               state xmax   0.5000E+01
               state ymin   0.0000E+00
               state ymax   0.2000E+01

                   x_cells         960
                   y_cells         960
                      xmin  0.0000E+00
                      ymin  0.0000E+00
                      xmax  0.1000E+02
                      ymax  0.1000E+02
         initial_timestep   0.4000E-01
             timestep_rise  0.1500E+01
              max_timestep  0.4000E-01
                  end_step          87
              test_problem           2

     Using Fortran Kernels

 Input read finished.

 Setting up initial geometry


 Mesh ratio of    1.0000000000000000     
 Decomposing the mesh into            1  by            1  chunks
 Decomposing the chunk with            1  tiles

 Generating chunks

 Problem initialised and generated

 Time    0.0000000000000000     
                       Volume            Mass         Density        Pressure Internal Energy  Kinetic Energy    Total Energy
 step:      0      0.1000E+03      0.2800E+02      0.2800E+00      0.1720E+00      0.4300E+02      0.0000E+00      0.4300E+02

 Starting the calculation
 Step       1 time   0.0000000 control    sound    timestep   6.16E-03       1,       1 x  5.21E-03 y  5.21E-03
 Wall clock   0.36507511138916016     
 Average time per cell    3.9613184829552966E-007
 Step time per cell       3.9613184829552966E-007
 Step       2 time   0.0061626 control    sound    timestep   3.76E-03       1,       1 x  5.21E-03 y  5.21E-03
 Wall clock   0.73078107833862305     
 Average time per cell    3.9647410934170085E-007
 Step time per cell       3.9674160588118763E-007
 Step       3 time   0.0099242 control    sound    timestep   4.78E-03       1,       1 x  5.21E-03 y  5.21E-03
 Wall clock    1.0971190929412842     
 Average time per cell    3.9681680155573066E-007
 Step time per cell       3.9742819757925137E-007
 Step       4 time   0.0147037 control    sound    timestep   5.04E-03       1,       1 x  5.21E-03 y  5.21E-03
 Wall clock    1.4637870788574219     
 Average time per cell    3.9707765811019473E-007
 Step time per cell       3.9778753287262389E-007
 Step       5 time   0.0197397 control    sound    timestep   5.54E-03       1,       1 x  5.21E-03 y  5.21E-03
 Wall clock    1.8298001289367676     
 Average time per cell    3.9709204186995822E-007
 Step time per cell       3.9707455370161268E-007
 Step       6 time   0.0252815 control    sound    timestep   5.53E-03       1,       1 x  5.21E-03 y  5.21E-03
 Wall clock    2.1959731578826904     
 Average time per cell    3.9713056240644721E-007
 Step time per cell       3.9725357459651097E-007
 Step       7 time   0.0308107 control    sound    timestep   5.63E-03       1,       1 x  5.21E-03 y  5.21E-03
 Wall clock    2.5624630451202393     
 Average time per cell    3.9720719325400536E-007
 Step time per cell       3.9759221383266979E-007
 Step       8 time   0.0364452 control    sound    timestep   5.93E-03       1,       1 x  5.21E-03 y  5.21E-03
 Wall clock    2.9285740852355957     
 Average time per cell    3.9721328196012311E-007
 Step time per cell       3.9718424280484520E-007
 Step       9 time   0.0423713 control    sound    timestep   5.86E-03       1,       1 x  5.21E-03 y  5.21E-03
 Wall clock    3.2954361438751221     
 Average time per cell    3.9730856287074677E-007
 Step time per cell       3.9799915005763374E-007
 Step      10 time   0.0482336 control    sound    timestep   5.82E-03       1,       1 x  5.21E-03 y  5.21E-03

 Time    5.4054230746582298E-002
                       Volume            Mass         Density        Pressure Internal Energy  Kinetic Energy    Total Energy
 step:     10      0.1000E+03      0.2800E+02      0.2800E+00      0.1715E+00      0.4286E+02      0.1272E+00      0.4299E+02

 Wall clock    3.6812570095062256     
 Average time per cell    3.9944194981621372E-007
 Step time per cell       4.1857310053375034E-007
 Step      11 time   0.0540542 control    sound    timestep   5.78E-03       1,       1 x  5.21E-03 y  5.21E-03
 Wall clock    4.0473120212554932     
 Average time per cell    3.9923769149063813E-007
 Step time per cell       3.9714647250043023E-007
 Step      12 time   0.0598338 control    sound    timestep   5.76E-03       1,       1 x  5.21E-03 y  5.21E-03
 Wall clock    4.4142131805419922     
 Average time per cell    3.9914398695583694E-007
 Step time per cell       3.9804364658064312E-007
 Step      13 time   0.0655905 control    sound    timestep   5.77E-03       1,       1 x  5.21E-03 y  5.21E-03
 Wall clock    4.7813041210174561     
 Average time per cell    3.9908053894710337E-007
 Step time per cell       3.9824983105063439E-007
 Step      14 time   0.0713614 control    sound    timestep   5.79E-03       1,       1 x  5.21E-03 y  5.21E-03
 Wall clock    5.1482172012329102     
 Average time per cell    3.9901236988722333E-007
 Step time per cell       3.9805451201068029E-007
 Step      15 time   0.0771552 control    sound    timestep   5.80E-03       1,       1 x  5.21E-03 y  5.21E-03
 Wall clock    5.5152401924133301     
 Average time per cell    3.9896124077064018E-007
 Step time per cell       3.9817273823751344E-007
 Step      16 time   0.0829578 control    sound    timestep   5.80E-03       1,       1 x  5.21E-03 y  5.21E-03
 Wall clock    5.8822760581970215     
 Average time per cell    3.9891737590854367E-007
 Step time per cell       3.9819214079115125E-007
 Step      17 time   0.0887628 control    sound    timestep   5.81E-03       1,       1 x  5.21E-03 y  5.21E-03
 Wall clock    6.2493422031402588     
 Average time per cell    3.9888060426497769E-007
 Step time per cell       3.9822266747554141E-007
 Step      18 time   0.0945706 control    sound    timestep   5.81E-03       1,       1 x  5.21E-03 y  5.21E-03
 Wall clock    6.6165051460266113     
 Average time per cell    3.9885375349793907E-007
 Step time per cell       3.9832563036017950E-007
 Step      19 time   0.1003799 control    sound    timestep   5.81E-03       1,       1 x  5.21E-03 y  5.21E-03
 Wall clock    6.9839291572570801     
 Average time per cell    3.9884463845812087E-007
 Step time per cell       3.9842988674839338E-007
 Step      20 time   0.1061897 control    sound    timestep   5.81E-03       1,       1 x  5.21E-03 y  5.21E-03

 Time   0.11200041577533879     
                       Volume            Mass         Density        Pressure Internal Energy  Kinetic Energy    Total Energy
 step:     20      0.1000E+03      0.2800E+02      0.2800E+00      0.1709E+00      0.4272E+02      0.2696E+00      0.4299E+02

 Wall clock    7.3709270954132080     
 Average time per cell    3.9989838842302562E-007
 Step time per cell       4.1985134076741008E-007
 Step      21 time   0.1120004 control    sound    timestep   5.81E-03       1,       1 x  5.21E-03 y  5.21E-03
 Wall clock    7.7376370429992676     
 Average time per cell    3.9980350131237947E-007
 Step time per cell       3.9786126257644760E-007
 Step      22 time   0.1178143 control    sound    timestep   5.82E-03       1,       1 x  5.21E-03 y  5.21E-03
 Wall clock    8.1050481796264648     
 Average time per cell    3.9975182388467018E-007
 Step time per cell       3.9859597260753315E-007
 Step      23 time   0.1236298 control    sound    timestep   5.82E-03       1,       1 x  5.21E-03 y  5.21E-03
 Wall clock    8.4726641178131104     
 Average time per cell    3.9971430205564568E-007
 Step time per cell       3.9881509211328293E-007
 Step      24 time   0.1294460 control    sound    timestep   5.82E-03       1,       1 x  5.21E-03 y  5.21E-03
 Wall clock    8.8402681350708008     
 Average time per cell    3.9967936808588329E-007
 Step time per cell       3.9880526148610646E-007
 Step      25 time   0.1352640 control    sound    timestep   5.82E-03       1,       1 x  5.21E-03 y  5.21E-03
 Wall clock    9.2080371379852295     
 Average time per cell    3.9965438966949780E-007
 Step time per cell       3.9898014316956200E-007
 Step      26 time   0.1410837 control    sound    timestep   5.82E-03       1,       1 x  5.21E-03 y  5.21E-03
 Wall clock    9.5753321647644043     
 Average time per cell    3.9961155201507431E-007
 Step time per cell       3.9846688095066283E-007
 Step      27 time   0.1469049 control    sound    timestep   5.82E-03       1,       1 x  5.21E-03 y  5.21E-03
 Wall clock    9.9433162212371826     
 Average time per cell    3.9959957807826898E-007
 Step time per cell       3.9921763042608900E-007
 Step      28 time   0.1527276 control    sound    timestep   5.82E-03       1,       1 x  5.21E-03 y  5.21E-03
 Wall clock    10.311044216156006     
 Average time per cell    3.9957853640237497E-007
 Step time per cell       3.9894211416443190E-007
 Step      29 time   0.1585506 control    sound    timestep   5.82E-03       1,       1 x  5.21E-03 y  5.21E-03
 Wall clock    10.679355144500732     
 Average time per cell    3.9958075702304584E-007
 Step time per cell       3.9957463741302492E-007
 Step      30 time   0.1643742 control    sound    timestep   5.82E-03       1,       1 x  5.21E-03 y  5.21E-03

 Time   0.17019802332004386     
                       Volume            Mass         Density        Pressure Internal Energy  Kinetic Energy    Total Energy
 step:     30      0.1000E+03      0.2800E+02      0.2800E+00      0.1703E+00      0.4258E+02      0.4108E+00      0.4299E+02

 Wall clock    11.066980123519897     
 Average time per cell    4.0028139914351483E-007
 Step time per cell       4.2052525613043044E-007
 Step      31 time   0.1701980 control    sound    timestep   5.82E-03       1,       1 x  5.21E-03 y  5.21E-03
 Wall clock    11.434882164001465     
 Average time per cell    4.0024649151550825E-007
 Step time per cell       3.9914726383156247E-007
 Step      32 time   0.1760221 control    sound    timestep   5.82E-03       1,       1 x  5.21E-03 y  5.21E-03
 Wall clock    11.803737163543701     
 Average time per cell    4.0024607895045643E-007
 Step time per cell       4.0016059453288716E-007
 Step      33 time   0.1818467 control    sound    timestep   5.83E-03       1,       1 x  5.21E-03 y  5.21E-03
 Wall clock    12.173250198364258     
 Average time per cell    4.0026732817643418E-007
 Step time per cell       4.0069222450256349E-007
 Step      34 time   0.1876721 control    sound    timestep   5.83E-03       1,       1 x  5.21E-03 y  5.21E-03
 Wall clock    12.542787075042725     
 Average time per cell    4.0028808833239907E-007
 Step time per cell       4.0090177208185194E-007
 Step      35 time   0.1934982 control    sound    timestep   5.83E-03       1,       1 x  5.21E-03 y  5.21E-03
 Wall clock    12.912400007247925     
 Average time per cell    4.0031002006596987E-007
 Step time per cell       4.0097886489497288E-007
 Step      36 time   0.1993254 control    sound    timestep   5.83E-03       1,       1 x  5.21E-03 y  5.21E-03
 Wall clock    13.281991004943848     
 Average time per cell    4.0033007224584801E-007
 Step time per cell       4.0095713403489854E-007
 Step      37 time   0.2051535 control    sound    timestep   5.83E-03       1,       1 x  5.21E-03 y  5.21E-03
 Wall clock    13.651203155517578     
 Average time per cell    4.0033793037718124E-007
 Step time per cell       4.0055019780993459E-007
 Step      38 time   0.2109826 control    sound    timestep   5.83E-03       1,       1 x  5.21E-03 y  5.21E-03
 Wall clock    14.020187139511108     
 Average time per cell    4.0033885974938062E-007
 Step time per cell       4.0029718851049741E-007
 Step      39 time   0.2168128 control    sound    timestep   5.83E-03       1,       1 x  5.21E-03 y  5.21E-03
 Wall clock    14.389743089675903     
 Average time per cell    4.0035565487212606E-007
 Step time per cell       4.0091677672333186E-007
 Step      40 time   0.2226435 control    sound    timestep   5.83E-03       1,       1 x  5.21E-03 y  5.21E-03

 Time   0.22847442549522459     
                       Volume            Mass         Density        Pressure Internal Energy  Kinetic Energy    Total Energy
 step:     40      0.1000E+03      0.2800E+02      0.2800E+00      0.1697E+00      0.4243E+02      0.5509E+00      0.4299E+02

 Wall clock    14.778957128524780     
 Average time per cell    4.0090487002291614E-007
 Step time per cell       4.2225053119990563E-007
 Step      41 time   0.2284744 control    sound    timestep   5.83E-03       1,       1 x  5.21E-03 y  5.21E-03
 Wall clock    15.147665023803711     
 Average time per cell    4.0088459687827403E-007
 Step time per cell       4.0002063744597967E-007
 Step      42 time   0.2343054 control    sound    timestep   5.83E-03       1,       1 x  5.21E-03 y  5.21E-03
 Wall clock    15.517050027847290     
 Average time per cell    4.0088278221745025E-007
 Step time per cell       4.0073361661699082E-007
 Step      43 time   0.2401365 control    sound    timestep   5.83E-03       1,       1 x  5.21E-03 y  5.21E-03
 Wall clock    15.886711120605469     
 Average time per cell    4.0088801882987798E-007
 Step time per cell       4.0103189854158295E-007
 Step      44 time   0.2459680 control    sound    timestep   5.83E-03       1,       1 x  5.21E-03 y  5.21E-03
 Wall clock    16.256452083587646     
 Average time per cell    4.0089498706764042E-007
 Step time per cell       4.0111856328116524E-007
 Step      45 time   0.2518000 control    sound    timestep   5.83E-03       1,       1 x  5.21E-03 y  5.21E-03
 Wall clock    16.626416206359863     
 Average time per cell    4.0090702658082232E-007
 Step time per cell       4.0136277675628660E-007
 Step      46 time   0.2576322 control    sound    timestep   5.83E-03       1,       1 x  5.21E-03 y  5.21E-03
 Wall clock    16.995843172073364     
 Average time per cell    4.0090587192579458E-007
 Step time per cell       4.0077811314000026E-007
 Step      47 time   0.2634649 control    sound    timestep   5.83E-03       1,       1 x  5.21E-03 y  5.21E-03
 Wall clock    17.366114139556885     
 Average time per cell    4.0092425152271915E-007
 Step time per cell       4.0169598327742684E-007
 Step      48 time   0.2692983 control    sound    timestep   5.83E-03       1,       1 x  5.21E-03 y  5.21E-03
 Wall clock    17.735865116119385     
 Average time per cell    4.0093011058935965E-007
 Step time per cell       4.0112839390834171E-007
 Step      49 time   0.2751323 control    sound    timestep   5.83E-03       1,       1 x  5.21E-03 y  5.21E-03
 Wall clock    18.105997085571289     
 Average time per cell    4.0094416732150143E-007
 Step time per cell       4.0154283245404559E-007
 Step      50 time   0.2809670 control    sound    timestep   5.84E-03       1,       1 x  5.21E-03 y  5.21E-03

 Time   0.28680234066587584     
                       Volume            Mass         Density        Pressure Internal Energy  Kinetic Energy    Total Energy
 step:     50      0.1000E+03      0.2800E+02      0.2800E+00      0.1692E+00      0.4229E+02      0.6898E+00      0.4298E+02

 Wall clock    18.495851993560791     
 Average time per cell    4.0138567694359355E-007
 Step time per cell       4.2294281431370309E-007
 Step      51 time   0.2868023 control    sound    timestep   5.84E-03       1,       1 x  5.21E-03 y  5.21E-03
 Wall clock    18.865073204040527     
 Average time per cell    4.0137087256690257E-007
 Step time per cell       4.0057632658216687E-007
 Step      52 time   0.2926385 control    sound    timestep   5.84E-03       1,       1 x  5.21E-03 y  5.21E-03
 Wall clock    19.235469102859497     
 Average time per cell    4.0138114948207752E-007
 Step time per cell       4.0182947284645504E-007
 Step      53 time   0.2984756 control    sound    timestep   5.84E-03       1,       1 x  5.21E-03 y  5.21E-03
 Wall clock    19.606304168701172     
 Average time per cell    4.0140002965927124E-007
 Step time per cell       4.0230470606022412E-007
 Step      54 time   0.3043128 control    sound    timestep   5.84E-03       1,       1 x  5.21E-03 y  5.21E-03
 Wall clock    19.977003097534180     
 Average time per cell    4.0141547505011772E-007
 Step time per cell       4.0215259003970357E-007
 Step      55 time   0.3101501 control    sound    timestep   5.84E-03       1,       1 x  5.21E-03 y  5.21E-03
 Wall clock    20.347661018371582     
 Average time per cell    4.0142954976269691E-007
 Step time per cell       4.0206825360655782E-007
 Step      56 time   0.3159874 control    sound    timestep   5.84E-03       1,       1 x  5.21E-03 y  5.21E-03
 Wall clock    20.718058109283447     
 Average time per cell    4.0143806790371264E-007
 Step time per cell       4.0183490556147363E-007
 Step      57 time   0.3218249 control    sound    timestep   5.84E-03       1,       1 x  5.21E-03 y  5.21E-03
 Wall clock    21.088712215423584     
 Average time per cell    4.0145117978313048E-007
 Step time per cell       4.0211378493242796E-007
 Step      58 time   0.3276627 control    sound    timestep   5.84E-03       1,       1 x  5.21E-03 y  5.21E-03
 Wall clock    21.471823215484619     
 Average time per cell    4.0169688426957276E-007
 Step time per cell       4.1563374300797783E-007
 Step      59 time   0.3335009 control    sound    timestep   5.84E-03       1,       1 x  5.21E-03 y  5.21E-03
 Wall clock    21.848916053771973     
 Average time per cell    4.0182357973185859E-007
 Step time per cell       4.0880404412746428E-007
 Step      60 time   0.3393393 control    sound    timestep   5.84E-03       1,       1 x  5.21E-03 y  5.21E-03

 Time   0.34517805847536881     
                       Volume            Mass         Density        Pressure Internal Energy  Kinetic Energy    Total Energy
 step:     60      0.1000E+03      0.2800E+02      0.2800E+00      0.1686E+00      0.4216E+02      0.8276E+00      0.4298E+02

 Wall clock    22.240734100341797     
 Average time per cell    4.0221234990490806E-007
 Step time per cell       4.2506829938954776E-007
 Step      61 time   0.3451781 control    sound    timestep   5.84E-03       1,       1 x  5.21E-03 y  5.21E-03
 Wall clock    22.612019062042236     
 Average time per cell    4.0222313051503863E-007
 Step time per cell       4.0281227686338957E-007
 Step      62 time   0.3510173 control    sound    timestep   5.84E-03       1,       1 x  5.21E-03 y  5.21E-03
 Wall clock    22.983590126037598     
 Average time per cell    4.0223857047416828E-007
 Step time per cell       4.0310331516795690E-007
 Step      63 time   0.3568572 control    sound    timestep   5.84E-03       1,       1 x  5.21E-03 y  5.21E-03
 Wall clock    23.357860088348389     
 Average time per cell    4.0230000427738488E-007
 Step time per cell       4.0366857623060544E-007
 Step      64 time   0.3626976 control    sound    timestep   5.84E-03       1,       1 x  5.21E-03 y  5.21E-03
 Wall clock    23.730148077011108     
 Average time per cell    4.0232591547666947E-007
 Step time per cell       4.0387683030631806E-007
 Step      65 time   0.3685385 control    sound    timestep   5.84E-03       1,       1 x  5.21E-03 y  5.21E-03
 Wall clock    24.102746009826660     
 Average time per cell    4.0235620342258712E-007
 Step time per cell       4.0421029552817343E-007
 Step      66 time   0.3743800 control    sound    timestep   5.84E-03       1,       1 x  5.21E-03 y  5.21E-03
 Wall clock    24.474719047546387     
 Average time per cell    4.0237529999780336E-007
 Step time per cell       4.0353819107015929E-007
 Step      67 time   0.3802224 control    sound    timestep   5.84E-03       1,       1 x  5.21E-03 y  5.21E-03
 Wall clock    24.847009181976318     
 Average time per cell    4.0239896192825456E-007
 Step time per cell       4.0388562613063388E-007
 Step      68 time   0.3860650 control    sound    timestep   5.84E-03       1,       1 x  5.21E-03 y  5.21E-03
 Wall clock    25.218986034393311     
 Average time per cell    4.0241692890869636E-007
 Step time per cell       4.0354517598946890E-007
 Step      69 time   0.3919077 control    sound    timestep   5.84E-03       1,       1 x  5.21E-03 y  5.21E-03
 Wall clock    25.591409206390381     
 Average time per cell    4.0244139376997753E-007
 Step time per cell       4.0402791152397791E-007
 Step      70 time   0.3977504 control    sound    timestep   5.84E-03       1,       1 x  5.21E-03 y  5.21E-03

 Time   0.40359323425419447     
                       Volume            Mass         Density        Pressure Internal Energy  Kinetic Energy    Total Energy
 step:     70      0.1000E+03      0.2800E+02      0.2800E+00      0.1681E+00      0.4202E+02      0.9641E+00      0.4298E+02

 Wall clock    25.983451128005981     
 Average time per cell    4.0276926971735463E-007
 Step time per cell       4.2531587597396641E-007
 Step      71 time   0.4035932 control    sound    timestep   5.84E-03       1,       1 x  5.21E-03 y  5.21E-03
 Wall clock    26.354935169219971     
 Average time per cell    4.0277373045682909E-007
 Step time per cell       4.0303501817915172E-007
 Step      72 time   0.4094363 control    sound    timestep   5.84E-03       1,       1 x  5.21E-03 y  5.21E-03
 Wall clock    26.726852178573608     
 Average time per cell    4.0278459229380078E-007
 Step time per cell       4.0347222238779070E-007
 Step      73 time   0.4152797 control    sound    timestep   5.84E-03       1,       1 x  5.21E-03 y  5.21E-03
 Wall clock    27.099407196044922     
 Average time per cell    4.0280463987652386E-007
 Step time per cell       4.0416993821660680E-007
 Step      74 time   0.4211232 control    sound    timestep   5.84E-03       1,       1 x  5.21E-03 y  5.21E-03
 Wall clock    27.471898078918457     
 Average time per cell    4.0282320522062771E-007
 Step time per cell       4.0410578043924437E-007
 Step      75 time   0.4269671 control    sound    timestep   5.84E-03       1,       1 x  5.21E-03 y  5.21E-03
 Wall clock    27.844469070434570     
 Average time per cell    4.0284243446809276E-007
 Step time per cell       4.0418597766094737E-007
 Step      76 time   0.4328113 control    sound    timestep   5.84E-03       1,       1 x  5.21E-03 y  5.21E-03
 Wall clock    28.216714143753052     
 Average time per cell    4.0285650447381347E-007
 Step time per cell       4.0383362728688451E-007
 Step      77 time   0.4386560 control    sound    timestep   5.85E-03       1,       1 x  5.21E-03 y  5.21E-03
 Wall clock    28.589179039001465     
 Average time per cell    4.0287330671392308E-007
 Step time per cell       4.0408094517058798E-007
 Step      78 time   0.4445011 control    sound    timestep   5.85E-03       1,       1 x  5.21E-03 y  5.21E-03
 Wall clock    28.963548183441162     
 Average time per cell    4.0291616841726154E-007
 Step time per cell       4.0377723053097726E-007
 Step      79 time   0.4503467 control    sound    timestep   5.85E-03       1,       1 x  5.21E-03 y  5.21E-03
 Wall clock    29.336668014526367     
 Average time per cell    4.0294078562497756E-007
 Step time per cell       4.0478849162658054E-007
 Step      80 time   0.4561928 control    sound    timestep   5.85E-03       1,       1 x  5.21E-03 y  5.21E-03

 Time   0.46203954637309896     
                       Volume            Mass         Density        Pressure Internal Energy  Kinetic Energy    Total Energy
 step:     80      0.1000E+03      0.2800E+02      0.2800E+00      0.1675E+00      0.4188E+02      0.1099E+01      0.4298E+02

 Wall clock    29.729346990585327     
 Average time per cell    4.0323007528463171E-007
 Step time per cell       4.2600583078132733E-007
 Step      81 time   0.4620395 control    sound    timestep   5.85E-03       1,       1 x  5.21E-03 y  5.21E-03
 Wall clock    30.101655006408691     
 Average time per cell    4.0323933425508897E-007
 Step time per cell       4.0393555536866190E-007
 Step      82 time   0.4678869 control    sound    timestep   5.85E-03       1,       1 x  5.21E-03 y  5.21E-03
 Wall clock    30.474597215652466     
 Average time per cell    4.0325675939580772E-007
 Step time per cell       4.0458980947732926E-007
 Step      83 time   0.4737342 control    sound    timestep   5.85E-03       1,       1 x  5.21E-03 y  5.21E-03
 Wall clock    30.847651004791260     
 Average time per cell    4.0327522335162601E-007
 Step time per cell       4.0471476192275683E-007
 Step      84 time   0.4795816 control    sound    timestep   5.85E-03       1,       1 x  5.21E-03 y  5.21E-03
 Wall clock    31.220403194427490     
 Average time per cell    4.0328935177986899E-007
 Step time per cell       4.0438491851091383E-007
 Step      85 time   0.4854290 control    sound    timestep   5.85E-03       1,       1 x  5.21E-03 y  5.21E-03
 Wall clock    31.593792200088501     
 Average time per cell    4.0331127706403823E-007
 Step time per cell       4.0507720162471135E-007
 Step      86 time   0.4912765 control    sound    timestep   5.85E-03       1,       1 x  5.21E-03 y  5.21E-03
 Wall clock    31.967287063598633     
 Average time per cell    4.0333402807552379E-007
 Step time per cell       4.0518973643581072E-007
 Step      87 time   0.4971244 control    sound    timestep   5.85E-03       1,       1 x  5.21E-03 y  5.21E-03

 Time   0.50297235683269481     
                       Volume            Mass         Density        Pressure Internal Energy  Kinetic Energy    Total Energy
 step:     87      0.1000E+03      0.2800E+02      0.2800E+00      0.1671E+00      0.4179E+02      0.1193E+01      0.4298E+02

Test problem   2 is within   0.7105427E-13% of the expected solution
 This test is considered PASSED

 Calculation complete
 Clover is finishing
 Wall clock    32.360333204269409     
 First step overhead  -5.6195259094238281E-004
